<?xml version="1.0" encoding="UTF-8"?>
<!-- Generated by org.testng.reporters.JUnitXMLReporter -->
<testsuite ignored="0" hostname="DESKTOP-VEF71M4" failures="0" tests="1" name="Dynamic table data validation(failed)" time="0.226" errors="0" timestamp="2024-01-06T14:48:13 IST">
  <testcase classname="commonMethods.BaseTest" name="@BeforeClass launchBrowser" time="0.129">
    <failure type="java.lang.IllegalStateException" message="The driver executable does not exist: C:\Users\smrc\Downloads\caw_studios_assignment\caw_studios_assignment\drivers\chromedriver.exe">
      <![CDATA[java.lang.IllegalStateException: The driver executable does not exist: C:\Users\smrc\Downloads\caw_studios_assignment\caw_studios_assignment\drivers\chromedriver.exe
at com.google.common.base.Preconditions.checkState(Preconditions.java:585)
at org.openqa.selenium.remote.service.DriverService.checkExecutable(DriverService.java:146)
at org.openqa.selenium.remote.service.DriverService.findExecutable(DriverService.java:141)
at org.openqa.selenium.chrome.ChromeDriverService.access$000(ChromeDriverService.java:35)
at org.openqa.selenium.chrome.ChromeDriverService$Builder.findDefaultExecutable(ChromeDriverService.java:159)
at org.openqa.selenium.remote.service.DriverService$Builder.build(DriverService.java:355)
at org.openqa.selenium.chrome.ChromeDriverService.createDefaultService(ChromeDriverService.java:94)
at org.openqa.selenium.chrome.ChromeDriver.<init>(ChromeDriver.java:123)
at commonMethods.BaseTest.launchBrowser(BaseTest.java:41)
at java.base/java.util.concurrent.ThreadPoolExecutor.runWorker(ThreadPoolExecutor.java:1136)
at java.base/java.util.concurrent.ThreadPoolExecutor$Worker.run(ThreadPoolExecutor.java:635)
at java.base/java.lang.Thread.run(Thread.java:833)
... Removed 10 stack frames]]>
    </failure>
  </testcase> <!-- @BeforeClass launchBrowser -->
  <testcase classname="commonMethods.BaseTest" name="@BeforeMethod launchApplication" time="-1.704532693734E9">
    <skipped/>
  </testcase> <!-- @BeforeMethod launchApplication -->
  <testcase classname="commonMethods.BaseTest" name="@AfterMethod closingBrowser" time="-1.70453269375E9">
    <skipped/>
  </testcase> <!-- @AfterMethod closingBrowser -->
  <testcase classname="tests.addDataIntoDynamicTable" name="addingDataIntoTableAndValidation" time="0.0">
    <skipped/>
  </testcase> <!-- addingDataIntoTableAndValidation -->
</testsuite> <!-- Dynamic table data validation(failed) -->
